[1022 00:00:12 ERROR] [main--com.gargoylesoftware.htmlunit.html.HtmlPage:1054 ] - Error loading JavaScript from [http://hm.baidu.com/h.js?4066ff3539577ca0df4e65f3937c5caf].
org.apache.http.conn.HttpHostConnectException: Connect to hm.baidu.com:80 [hm.baidu.com/119.75.219.68] failed: Connection timed out: connect
	at org.apache.http.impl.conn.HttpClientConnectionOperator.connect(HttpClientConnectionOperator.java:138)
	at org.apache.http.impl.conn.PoolingHttpClientConnectionManager.connect(PoolingHttpClientConnectionManager.java:314)
	at org.apache.http.impl.execchain.MainClientExec.establishRoute(MainClientExec.java:357)
	at org.apache.http.impl.execchain.MainClientExec.execute(MainClientExec.java:218)
	at org.apache.http.impl.execchain.ProtocolExec.execute(ProtocolExec.java:194)
	at org.apache.http.impl.execchain.RetryExec.execute(RetryExec.java:85)
	at org.apache.http.impl.execchain.RedirectExec.execute(RedirectExec.java:108)
	at org.apache.http.impl.client.InternalHttpClient.doExecute(InternalHttpClient.java:186)
	at org.apache.http.impl.client.CloseableHttpClient.execute(CloseableHttpClient.java:72)
	at com.gargoylesoftware.htmlunit.HttpWebConnection.getResponse(HttpWebConnection.java:179)
	at com.gargoylesoftware.htmlunit.WebClient.loadWebResponseFromWebConnection(WebClient.java:1297)
	at com.gargoylesoftware.htmlunit.WebClient.loadWebResponse(WebClient.java:1214)
	at com.gargoylesoftware.htmlunit.html.HtmlPage.loadJavaScriptFromUrl(HtmlPage.java:1108)
	at com.gargoylesoftware.htmlunit.html.HtmlPage.loadExternalJavaScriptFile(HtmlPage.java:1051)
	at com.gargoylesoftware.htmlunit.html.HtmlScript.executeScriptIfNeeded(HtmlScript.java:391)
	at com.gargoylesoftware.htmlunit.html.HtmlScript$3.execute(HtmlScript.java:266)
	at com.gargoylesoftware.htmlunit.javascript.JavaScriptEngine.doProcessPostponedActions(JavaScriptEngine.java:734)
	at com.gargoylesoftware.htmlunit.javascript.JavaScriptEngine.access$500(JavaScriptEngine.java:93)
	at com.gargoylesoftware.htmlunit.javascript.JavaScriptEngine$HtmlUnitContextAction.run(JavaScriptEngine.java:684)
	at net.sourceforge.htmlunit.corejs.javascript.Context.call(Context.java:620)
	at net.sourceforge.htmlunit.corejs.javascript.ContextFactory.call(ContextFactory.java:513)
	at com.gargoylesoftware.htmlunit.javascript.JavaScriptEngine.execute(JavaScriptEngine.java:575)
	at com.gargoylesoftware.htmlunit.javascript.JavaScriptEngine.execute(JavaScriptEngine.java:550)
	at com.gargoylesoftware.htmlunit.html.HtmlPage.executeJavaScriptIfPossible(HtmlPage.java:971)
	at com.gargoylesoftware.htmlunit.html.HtmlScript.executeInlineScriptIfNeeded(HtmlScript.java:347)
	at com.gargoylesoftware.htmlunit.html.HtmlScript.executeScriptIfNeeded(HtmlScript.java:407)
	at com.gargoylesoftware.htmlunit.html.HtmlScript$3.execute(HtmlScript.java:266)
	at com.gargoylesoftware.htmlunit.html.HtmlScript.onAllChildrenAddedToPage(HtmlScript.java:286)
	at com.gargoylesoftware.htmlunit.html.HTMLParser$HtmlUnitDOMBuilder.endElement(HTMLParser.java:702)
	at org.apache.xerces.parsers.AbstractSAXParser.endElement(Unknown Source)
	at com.gargoylesoftware.htmlunit.html.HTMLParser$HtmlUnitDOMBuilder.endElement(HTMLParser.java:662)
	at org.cyberneko.html.HTMLTagBalancer.callEndElement(HTMLTagBalancer.java:1170)
	at org.cyberneko.html.HTMLTagBalancer.endElement(HTMLTagBalancer.java:1072)
	at org.cyberneko.html.filters.DefaultFilter.endElement(DefaultFilter.java:206)
	at org.cyberneko.html.filters.NamespaceBinder.endElement(NamespaceBinder.java:330)
	at org.cyberneko.html.HTMLScanner$ContentScanner.scanEndElement(HTMLScanner.java:3126)
	at org.cyberneko.html.HTMLScanner$ContentScanner.scan(HTMLScanner.java:2093)
	at org.cyberneko.html.HTMLScanner.scanDocument(HTMLScanner.java:920)
	at org.cyberneko.html.HTMLConfiguration.parse(HTMLConfiguration.java:499)
	at org.cyberneko.html.HTMLConfiguration.parse(HTMLConfiguration.java:452)
	at org.apache.xerces.parsers.XMLParser.parse(Unknown Source)
	at com.gargoylesoftware.htmlunit.html.HTMLParser$HtmlUnitDOMBuilder.parse(HTMLParser.java:926)
	at com.gargoylesoftware.htmlunit.html.HTMLParser.parse(HTMLParser.java:245)
	at com.gargoylesoftware.htmlunit.html.HTMLParser.parseHtml(HTMLParser.java:191)
	at com.gargoylesoftware.htmlunit.DefaultPageCreator.createHtmlPage(DefaultPageCreator.java:268)
	at com.gargoylesoftware.htmlunit.DefaultPageCreator.createPage(DefaultPageCreator.java:156)
	at com.gargoylesoftware.htmlunit.WebClient.loadWebResponseInto(WebClient.java:455)
	at com.gargoylesoftware.htmlunit.WebClient.getPage(WebClient.java:329)
	at com.gargoylesoftware.htmlunit.WebClient.getPage(WebClient.java:394)
	at com.gargoylesoftware.htmlunit.WebClient.getPage(WebClient.java:379)
	at org.v11.crawler.answer.Loginer.login(Loginer.java:63)
	at org.v11.crawler.answer.Demo.main(Demo.java:5)
Caused by: java.net.ConnectException: Connection timed out: connect
	at java.net.DualStackPlainSocketImpl.waitForConnect(Native Method)
	at java.net.DualStackPlainSocketImpl.socketConnect(DualStackPlainSocketImpl.java:85)
	at java.net.AbstractPlainSocketImpl.doConnect(AbstractPlainSocketImpl.java:345)
	at java.net.AbstractPlainSocketImpl.connectToAddress(AbstractPlainSocketImpl.java:206)
	at java.net.AbstractPlainSocketImpl.connect(AbstractPlainSocketImpl.java:188)
	at java.net.PlainSocketImpl.connect(PlainSocketImpl.java:172)
	at java.net.SocksSocketImpl.connect(SocksSocketImpl.java:392)
	at java.net.Socket.connect(Socket.java:589)
	at org.apache.http.conn.socket.PlainConnectionSocketFactory.connectSocket(PlainConnectionSocketFactory.java:72)
	at org.apache.http.impl.conn.HttpClientConnectionOperator.connect(HttpClientConnectionOperator.java:118)
	... 51 more
[1022 00:00:12 INFO ] [main--org.v11.crawler.answer.Loginer:64 ] - 登录页面----“我心中的中国科学院”院史知识竞赛
返回官网首页
查看参赛方式
请先登录
 
登录页面
您需要登录才可参与答题，没有账号？立刻注册
邮   箱		 
	
密   码		 
	
验证码	  
(若看不清，可点击换一张)	 
忘记密码？
 
电话：010-6859 7001/7892  微信号：zkyzswx  微博：中科院之声
版权所有：中国科学院 地址：北京市三里河路52号 邮编：100864
[1022 00:01:36 ERROR] [main--com.gargoylesoftware.htmlunit.javascript.StrictErrorReporter:80 ] - runtimeError: message=[The data necessary to complete this operation is not yet available.] sourceName=[http://yszsjs2.cas.cn/js/jquery-1.9.1.min.js] line=[3] lineSource=[null] lineOffset=[0]
[1022 00:01:36 ERROR] [main--com.gargoylesoftware.htmlunit.javascript.StrictErrorReporter:80 ] - runtimeError: message=[An invalid or illegal selector was specified (selector: ':checked' error: Invalid selector: *:checked).] sourceName=[http://yszsjs2.cas.cn/js/jquery-1.9.1.min.js] line=[4] lineSource=[null] lineOffset=[0]
[1022 00:01:36 ERROR] [main--com.gargoylesoftware.htmlunit.javascript.StrictErrorReporter:80 ] - runtimeError: message=[An invalid or illegal selector was specified (selector: ':enabled' error: Invalid selector: *:enabled).] sourceName=[http://yszsjs2.cas.cn/js/jquery-1.9.1.min.js] line=[4] lineSource=[null] lineOffset=[0]
[1022 00:01:36 WARN ] [main--com.gargoylesoftware.htmlunit.DefaultCssErrorHandler:39 ] - CSS error: 'http://yszsjs2.cas.cn/css/css_chhd.css' [6:27] Error in expression. (Invalid token ".". Was expecting one of: <S>, <NUMBER>, "inherit", <IDENT>, <STRING>, <PLUS>, <COMMA>, <HASH>, <EMS>, <EXS>, <LENGTH_PX>, <LENGTH_CM>, <LENGTH_MM>, <LENGTH_IN>, <LENGTH_PT>, <LENGTH_PC>, <ANGLE_DEG>, <ANGLE_RAD>, <ANGLE_GRAD>, <TIME_MS>, <TIME_S>, <FREQ_HZ>, <FREQ_KHZ>, <PERCENTAGE>, <DIMENSION>, <URI>, <FUNCTION>, "-", "=", ")".)
[1022 00:01:36 WARN ] [main--com.gargoylesoftware.htmlunit.DefaultCssErrorHandler:39 ] - CSS error: 'http://yszsjs2.cas.cn/css/css_chhd.css' [51:53] Error in style rule. (Invalid token "*". Was expecting one of: <EOF>, <S>, <IDENT>, "}", ";".)
[1022 00:01:36 WARN ] [main--com.gargoylesoftware.htmlunit.DefaultCssErrorHandler:53 ] - CSS warning: 'http://yszsjs2.cas.cn/css/css_chhd.css' [51:53] Ignoring the following declarations in this rule.
[1022 00:01:36 WARN ] [main--com.gargoylesoftware.htmlunit.DefaultCssErrorHandler:39 ] - CSS error: 'http://yszsjs2.cas.cn/css/css_chhd.css' [259:39] Error in style rule. (Invalid token "*". Was expecting one of: <EOF>, <S>, <IDENT>, "}", ";".)
[1022 00:01:36 WARN ] [main--com.gargoylesoftware.htmlunit.DefaultCssErrorHandler:53 ] - CSS warning: 'http://yszsjs2.cas.cn/css/css_chhd.css' [259:39] Ignoring the following declarations in this rule.
[1022 00:01:36 WARN ] [main--com.gargoylesoftware.htmlunit.DefaultCssErrorHandler:39 ] - CSS error: 'http://yszsjs2.cas.cn/css/css_chhd.css' [306:124] Error in style rule. (Invalid token "+". Was expecting one of: <EOF>, <S>, <IDENT>, "}", ";".)
[1022 00:01:36 WARN ] [main--com.gargoylesoftware.htmlunit.DefaultCssErrorHandler:53 ] - CSS warning: 'http://yszsjs2.cas.cn/css/css_chhd.css' [306:124] Ignoring the following declarations in this rule.
[1022 00:01:36 WARN ] [main--com.gargoylesoftware.htmlunit.DefaultCssErrorHandler:39 ] - CSS error: 'http://yszsjs2.cas.cn/css/css_chhd.css' [328:134] Error in style rule. (Invalid token "*". Was expecting one of: <EOF>, <S>, <IDENT>, "}", ";".)
[1022 00:01:36 WARN ] [main--com.gargoylesoftware.htmlunit.DefaultCssErrorHandler:53 ] - CSS warning: 'http://yszsjs2.cas.cn/css/css_chhd.css' [328:134] Ignoring the following declarations in this rule.
[1022 00:01:36 INFO ] [main--com.gargoylesoftware.htmlunit.WebClient:495 ] - statusCode=[505] contentType=[text/html]
[1022 00:01:36 INFO ] [main--com.gargoylesoftware.htmlunit.WebClient:496 ] - <?xml version="1.0" encoding="iso-8859-1"?>
<!DOCTYPE html PUBLIC "-//W3C//DTD XHTML 1.0 Transitional//EN"
         "http://www.w3.org/TR/xhtml1/DTD/xhtml1-transitional.dtd">
<html xmlns="http://www.w3.org/1999/xhtml" xml:lang="en" lang="en">
 <head>
  <title>505 - HTTP Version Not Supported</title>
 </head>
 <body>
  <h1>505 - HTTP Version Not Supported</h1>
 </body>
</html>

[1022 00:01:36 ERROR] [main--com.gargoylesoftware.htmlunit.html.HtmlPage:1062 ] - Error loading JavaScript from [http://hm.baidu.com/h.js?4066ff3539577ca0df4e65f3937c5caf].
com.gargoylesoftware.htmlunit.FailingHttpStatusCodeException: 505 HTTP Version Not Supported for http://hm.baidu.com/h.js?4066ff3539577ca0df4e65f3937c5caf
	at com.gargoylesoftware.htmlunit.WebClient.throwFailingHttpStatusCodeExceptionIfNecessary(WebClient.java:514)
	at com.gargoylesoftware.htmlunit.html.HtmlPage.loadJavaScriptFromUrl(HtmlPage.java:1118)
	at com.gargoylesoftware.htmlunit.html.HtmlPage.loadExternalJavaScriptFile(HtmlPage.java:1051)
	at com.gargoylesoftware.htmlunit.html.HtmlScript.executeScriptIfNeeded(HtmlScript.java:391)
	at com.gargoylesoftware.htmlunit.html.HtmlScript$3.execute(HtmlScript.java:266)
	at com.gargoylesoftware.htmlunit.javascript.JavaScriptEngine.doProcessPostponedActions(JavaScriptEngine.java:734)
	at com.gargoylesoftware.htmlunit.javascript.JavaScriptEngine.access$500(JavaScriptEngine.java:93)
	at com.gargoylesoftware.htmlunit.javascript.JavaScriptEngine$HtmlUnitContextAction.run(JavaScriptEngine.java:684)
	at net.sourceforge.htmlunit.corejs.javascript.Context.call(Context.java:620)
	at net.sourceforge.htmlunit.corejs.javascript.ContextFactory.call(ContextFactory.java:513)
	at com.gargoylesoftware.htmlunit.javascript.JavaScriptEngine.execute(JavaScriptEngine.java:575)
	at com.gargoylesoftware.htmlunit.javascript.JavaScriptEngine.execute(JavaScriptEngine.java:550)
	at com.gargoylesoftware.htmlunit.html.HtmlPage.executeJavaScriptIfPossible(HtmlPage.java:971)
	at com.gargoylesoftware.htmlunit.html.HtmlScript.executeInlineScriptIfNeeded(HtmlScript.java:347)
	at com.gargoylesoftware.htmlunit.html.HtmlScript.executeScriptIfNeeded(HtmlScript.java:407)
	at com.gargoylesoftware.htmlunit.html.HtmlScript$3.execute(HtmlScript.java:266)
	at com.gargoylesoftware.htmlunit.html.HtmlScript.onAllChildrenAddedToPage(HtmlScript.java:286)
	at com.gargoylesoftware.htmlunit.html.HTMLParser$HtmlUnitDOMBuilder.endElement(HTMLParser.java:702)
	at org.apache.xerces.parsers.AbstractSAXParser.endElement(Unknown Source)
	at com.gargoylesoftware.htmlunit.html.HTMLParser$HtmlUnitDOMBuilder.endElement(HTMLParser.java:662)
	at org.cyberneko.html.HTMLTagBalancer.callEndElement(HTMLTagBalancer.java:1170)
	at org.cyberneko.html.HTMLTagBalancer.endElement(HTMLTagBalancer.java:1072)
	at org.cyberneko.html.filters.DefaultFilter.endElement(DefaultFilter.java:206)
	at org.cyberneko.html.filters.NamespaceBinder.endElement(NamespaceBinder.java:330)
	at org.cyberneko.html.HTMLScanner$ContentScanner.scanEndElement(HTMLScanner.java:3126)
	at org.cyberneko.html.HTMLScanner$ContentScanner.scan(HTMLScanner.java:2093)
	at org.cyberneko.html.HTMLScanner.scanDocument(HTMLScanner.java:920)
	at org.cyberneko.html.HTMLConfiguration.parse(HTMLConfiguration.java:499)
	at org.cyberneko.html.HTMLConfiguration.parse(HTMLConfiguration.java:452)
	at org.apache.xerces.parsers.XMLParser.parse(Unknown Source)
	at com.gargoylesoftware.htmlunit.html.HTMLParser$HtmlUnitDOMBuilder.parse(HTMLParser.java:926)
	at com.gargoylesoftware.htmlunit.html.HTMLParser.parse(HTMLParser.java:245)
	at com.gargoylesoftware.htmlunit.html.HTMLParser.parseHtml(HTMLParser.java:191)
	at com.gargoylesoftware.htmlunit.DefaultPageCreator.createHtmlPage(DefaultPageCreator.java:268)
	at com.gargoylesoftware.htmlunit.DefaultPageCreator.createPage(DefaultPageCreator.java:156)
	at com.gargoylesoftware.htmlunit.WebClient.loadWebResponseInto(WebClient.java:455)
	at com.gargoylesoftware.htmlunit.WebClient.getPage(WebClient.java:329)
	at com.gargoylesoftware.htmlunit.WebClient.getPage(WebClient.java:394)
	at com.gargoylesoftware.htmlunit.WebClient.getPage(WebClient.java:379)
	at org.v11.crawler.answer.Loginer.login(Loginer.java:63)
	at org.v11.crawler.answer.Demo.main(Demo.java:5)
[1022 00:02:02 ERROR] [main--com.gargoylesoftware.htmlunit.javascript.StrictErrorReporter:80 ] - runtimeError: message=[The data necessary to complete this operation is not yet available.] sourceName=[http://yszsjs2.cas.cn/js/jquery-1.9.1.min.js] line=[3] lineSource=[null] lineOffset=[0]
[1022 00:02:02 ERROR] [main--com.gargoylesoftware.htmlunit.javascript.StrictErrorReporter:80 ] - runtimeError: message=[An invalid or illegal selector was specified (selector: ':checked' error: Invalid selector: *:checked).] sourceName=[http://yszsjs2.cas.cn/js/jquery-1.9.1.min.js] line=[4] lineSource=[null] lineOffset=[0]
[1022 00:02:02 ERROR] [main--com.gargoylesoftware.htmlunit.javascript.StrictErrorReporter:80 ] - runtimeError: message=[An invalid or illegal selector was specified (selector: ':enabled' error: Invalid selector: *:enabled).] sourceName=[http://yszsjs2.cas.cn/js/jquery-1.9.1.min.js] line=[4] lineSource=[null] lineOffset=[0]
[1022 00:02:02 WARN ] [main--com.gargoylesoftware.htmlunit.DefaultCssErrorHandler:39 ] - CSS error: 'http://yszsjs2.cas.cn/css/css_chhd.css' [6:27] Error in expression. (Invalid token ".". Was expecting one of: <S>, <NUMBER>, "inherit", <IDENT>, <STRING>, <PLUS>, <COMMA>, <HASH>, <EMS>, <EXS>, <LENGTH_PX>, <LENGTH_CM>, <LENGTH_MM>, <LENGTH_IN>, <LENGTH_PT>, <LENGTH_PC>, <ANGLE_DEG>, <ANGLE_RAD>, <ANGLE_GRAD>, <TIME_MS>, <TIME_S>, <FREQ_HZ>, <FREQ_KHZ>, <PERCENTAGE>, <DIMENSION>, <URI>, <FUNCTION>, "-", "=", ")".)
[1022 00:02:02 WARN ] [main--com.gargoylesoftware.htmlunit.DefaultCssErrorHandler:39 ] - CSS error: 'http://yszsjs2.cas.cn/css/css_chhd.css' [51:53] Error in style rule. (Invalid token "*". Was expecting one of: <EOF>, <S>, <IDENT>, "}", ";".)
[1022 00:02:02 WARN ] [main--com.gargoylesoftware.htmlunit.DefaultCssErrorHandler:53 ] - CSS warning: 'http://yszsjs2.cas.cn/css/css_chhd.css' [51:53] Ignoring the following declarations in this rule.
[1022 00:02:02 WARN ] [main--com.gargoylesoftware.htmlunit.DefaultCssErrorHandler:39 ] - CSS error: 'http://yszsjs2.cas.cn/css/css_chhd.css' [259:39] Error in style rule. (Invalid token "*". Was expecting one of: <EOF>, <S>, <IDENT>, "}", ";".)
[1022 00:02:02 WARN ] [main--com.gargoylesoftware.htmlunit.DefaultCssErrorHandler:53 ] - CSS warning: 'http://yszsjs2.cas.cn/css/css_chhd.css' [259:39] Ignoring the following declarations in this rule.
[1022 00:02:02 WARN ] [main--com.gargoylesoftware.htmlunit.DefaultCssErrorHandler:39 ] - CSS error: 'http://yszsjs2.cas.cn/css/css_chhd.css' [306:124] Error in style rule. (Invalid token "+". Was expecting one of: <EOF>, <S>, <IDENT>, "}", ";".)
[1022 00:02:02 WARN ] [main--com.gargoylesoftware.htmlunit.DefaultCssErrorHandler:53 ] - CSS warning: 'http://yszsjs2.cas.cn/css/css_chhd.css' [306:124] Ignoring the following declarations in this rule.
[1022 00:02:02 WARN ] [main--com.gargoylesoftware.htmlunit.DefaultCssErrorHandler:39 ] - CSS error: 'http://yszsjs2.cas.cn/css/css_chhd.css' [328:134] Error in style rule. (Invalid token "*". Was expecting one of: <EOF>, <S>, <IDENT>, "}", ";".)
[1022 00:02:02 WARN ] [main--com.gargoylesoftware.htmlunit.DefaultCssErrorHandler:53 ] - CSS warning: 'http://yszsjs2.cas.cn/css/css_chhd.css' [328:134] Ignoring the following declarations in this rule.
[1022 00:02:02 INFO ] [main--com.gargoylesoftware.htmlunit.WebClient:495 ] - statusCode=[505] contentType=[text/html]
[1022 00:02:02 INFO ] [main--com.gargoylesoftware.htmlunit.WebClient:496 ] - <?xml version="1.0" encoding="iso-8859-1"?>
<!DOCTYPE html PUBLIC "-//W3C//DTD XHTML 1.0 Transitional//EN"
         "http://www.w3.org/TR/xhtml1/DTD/xhtml1-transitional.dtd">
<html xmlns="http://www.w3.org/1999/xhtml" xml:lang="en" lang="en">
 <head>
  <title>505 - HTTP Version Not Supported</title>
 </head>
 <body>
  <h1>505 - HTTP Version Not Supported</h1>
 </body>
</html>

[1022 00:02:02 ERROR] [main--com.gargoylesoftware.htmlunit.html.HtmlPage:1062 ] - Error loading JavaScript from [http://hm.baidu.com/h.js?4066ff3539577ca0df4e65f3937c5caf].
com.gargoylesoftware.htmlunit.FailingHttpStatusCodeException: 505 HTTP Version Not Supported for http://hm.baidu.com/h.js?4066ff3539577ca0df4e65f3937c5caf
	at com.gargoylesoftware.htmlunit.WebClient.throwFailingHttpStatusCodeExceptionIfNecessary(WebClient.java:514)
	at com.gargoylesoftware.htmlunit.html.HtmlPage.loadJavaScriptFromUrl(HtmlPage.java:1118)
	at com.gargoylesoftware.htmlunit.html.HtmlPage.loadExternalJavaScriptFile(HtmlPage.java:1051)
	at com.gargoylesoftware.htmlunit.html.HtmlScript.executeScriptIfNeeded(HtmlScript.java:391)
	at com.gargoylesoftware.htmlunit.html.HtmlScript$3.execute(HtmlScript.java:266)
	at com.gargoylesoftware.htmlunit.javascript.JavaScriptEngine.doProcessPostponedActions(JavaScriptEngine.java:734)
	at com.gargoylesoftware.htmlunit.javascript.JavaScriptEngine.access$500(JavaScriptEngine.java:93)
	at com.gargoylesoftware.htmlunit.javascript.JavaScriptEngine$HtmlUnitContextAction.run(JavaScriptEngine.java:684)
	at net.sourceforge.htmlunit.corejs.javascript.Context.call(Context.java:620)
	at net.sourceforge.htmlunit.corejs.javascript.ContextFactory.call(ContextFactory.java:513)
	at com.gargoylesoftware.htmlunit.javascript.JavaScriptEngine.execute(JavaScriptEngine.java:575)
	at com.gargoylesoftware.htmlunit.javascript.JavaScriptEngine.execute(JavaScriptEngine.java:550)
	at com.gargoylesoftware.htmlunit.html.HtmlPage.executeJavaScriptIfPossible(HtmlPage.java:971)
	at com.gargoylesoftware.htmlunit.html.HtmlScript.executeInlineScriptIfNeeded(HtmlScript.java:347)
	at com.gargoylesoftware.htmlunit.html.HtmlScript.executeScriptIfNeeded(HtmlScript.java:407)
	at com.gargoylesoftware.htmlunit.html.HtmlScript$3.execute(HtmlScript.java:266)
	at com.gargoylesoftware.htmlunit.html.HtmlScript.onAllChildrenAddedToPage(HtmlScript.java:286)
	at com.gargoylesoftware.htmlunit.html.HTMLParser$HtmlUnitDOMBuilder.endElement(HTMLParser.java:702)
	at org.apache.xerces.parsers.AbstractSAXParser.endElement(Unknown Source)
	at com.gargoylesoftware.htmlunit.html.HTMLParser$HtmlUnitDOMBuilder.endElement(HTMLParser.java:662)
	at org.cyberneko.html.HTMLTagBalancer.callEndElement(HTMLTagBalancer.java:1170)
	at org.cyberneko.html.HTMLTagBalancer.endElement(HTMLTagBalancer.java:1072)
	at org.cyberneko.html.filters.DefaultFilter.endElement(DefaultFilter.java:206)
	at org.cyberneko.html.filters.NamespaceBinder.endElement(NamespaceBinder.java:330)
	at org.cyberneko.html.HTMLScanner$ContentScanner.scanEndElement(HTMLScanner.java:3126)
	at org.cyberneko.html.HTMLScanner$ContentScanner.scan(HTMLScanner.java:2093)
	at org.cyberneko.html.HTMLScanner.scanDocument(HTMLScanner.java:920)
	at org.cyberneko.html.HTMLConfiguration.parse(HTMLConfiguration.java:499)
	at org.cyberneko.html.HTMLConfiguration.parse(HTMLConfiguration.java:452)
	at org.apache.xerces.parsers.XMLParser.parse(Unknown Source)
	at com.gargoylesoftware.htmlunit.html.HTMLParser$HtmlUnitDOMBuilder.parse(HTMLParser.java:926)
	at com.gargoylesoftware.htmlunit.html.HTMLParser.parse(HTMLParser.java:245)
	at com.gargoylesoftware.htmlunit.html.HTMLParser.parseHtml(HTMLParser.java:191)
	at com.gargoylesoftware.htmlunit.DefaultPageCreator.createHtmlPage(DefaultPageCreator.java:268)
	at com.gargoylesoftware.htmlunit.DefaultPageCreator.createPage(DefaultPageCreator.java:156)
	at com.gargoylesoftware.htmlunit.WebClient.loadWebResponseInto(WebClient.java:455)
	at com.gargoylesoftware.htmlunit.WebClient.getPage(WebClient.java:329)
	at com.gargoylesoftware.htmlunit.WebClient.getPage(WebClient.java:394)
	at com.gargoylesoftware.htmlunit.WebClient.getPage(WebClient.java:379)
	at org.v11.crawler.answer.Loginer.login(Loginer.java:63)
	at org.v11.crawler.answer.Demo.main(Demo.java:5)
